<?xml version="1.0" encoding="UTF-8"?>
<coverage generated="1564772035155" clover="3.2.0">
  <project timestamp="1564772035155" name="All files">
    <metrics statements="105" coveredstatements="64" conditionals="36" coveredconditionals="28" methods="40" coveredmethods="21" elements="181" coveredelements="113" complexity="0" loc="105" ncloc="105" packages="5" files="8" classes="8"/>
    <package name="components.Movies">
      <metrics statements="12" coveredstatements="8" conditionals="12" coveredconditionals="10" methods="7" coveredmethods="3"/>
      <file name="movies.js" path="C:\Users\rene_\Desktop\nearsoft\react-movie-search-omdb\src\components\Movies\movies.js">
        <metrics statements="2" coveredstatements="2" conditionals="4" coveredconditionals="4" methods="1" coveredmethods="1"/>
        <line num="5" count="2" type="stmt"/>
        <line num="6" count="3" type="stmt"/>
      </file>
      <file name="moviesContainer.js" path="C:\Users\rene_\Desktop\nearsoft\react-movie-search-omdb\src\components\Movies\moviesContainer.js">
        <metrics statements="10" coveredstatements="6" conditionals="8" coveredconditionals="6" methods="6" coveredmethods="2"/>
        <line num="9" count="3" type="stmt"/>
        <line num="12" count="2" type="cond" truecount="2" falsecount="0"/>
        <line num="16" count="1" type="stmt"/>
        <line num="24" count="3" type="stmt"/>
        <line num="28" count="1" type="stmt"/>
        <line num="29" count="0" type="stmt"/>
        <line num="37" count="1" type="stmt"/>
        <line num="38" count="0" type="stmt"/>
        <line num="39" count="0" type="stmt"/>
        <line num="40" count="0" type="stmt"/>
      </file>
    </package>
    <package name="components.Movies.MoviesCarousel">
      <metrics statements="15" coveredstatements="13" conditionals="7" coveredconditionals="7" methods="9" coveredmethods="7"/>
      <file name="moviesCarousel.js" path="C:\Users\rene_\Desktop\nearsoft\react-movie-search-omdb\src\components\Movies\MoviesCarousel\moviesCarousel.js">
        <metrics statements="6" coveredstatements="5" conditionals="4" coveredconditionals="4" methods="5" coveredmethods="4"/>
        <line num="6" count="4" type="stmt"/>
        <line num="7" count="6" type="stmt"/>
        <line num="12" count="0" type="stmt"/>
        <line num="15" count="1" type="stmt"/>
        <line num="21" count="6" type="stmt"/>
        <line num="30" count="1" type="stmt"/>
      </file>
      <file name="moviesCarouselContainer.js" path="C:\Users\rene_\Desktop\nearsoft\react-movie-search-omdb\src\components\Movies\MoviesCarousel\moviesCarouselContainer.js">
        <metrics statements="9" coveredstatements="8" conditionals="3" coveredconditionals="3" methods="4" coveredmethods="3"/>
        <line num="6" count="4" type="stmt"/>
        <line num="8" count="4" type="stmt"/>
        <line num="12" count="4" type="cond" truecount="1" falsecount="0"/>
        <line num="13" count="2" type="stmt"/>
        <line num="17" count="2" type="cond" truecount="2" falsecount="0"/>
        <line num="18" count="1" type="stmt"/>
        <line num="19" count="1" type="stmt"/>
        <line num="24" count="6" type="stmt"/>
        <line num="27" count="0" type="stmt"/>
      </file>
    </package>
    <package name="components.Navbar">
      <metrics statements="10" coveredstatements="0" conditionals="0" coveredconditionals="0" methods="6" coveredmethods="0"/>
      <file name="navbarContainer.js" path="C:\Users\rene_\Desktop\nearsoft\react-movie-search-omdb\src\components\Navbar\navbarContainer.js">
        <metrics statements="10" coveredstatements="0" conditionals="0" coveredconditionals="0" methods="6" coveredmethods="0"/>
        <line num="7" count="0" type="stmt"/>
        <line num="8" count="0" type="stmt"/>
        <line num="9" count="0" type="stmt"/>
        <line num="10" count="0" type="stmt"/>
        <line num="14" count="0" type="stmt"/>
        <line num="18" count="0" type="stmt"/>
        <line num="19" count="0" type="stmt"/>
        <line num="20" count="0" type="stmt"/>
        <line num="21" count="0" type="stmt"/>
        <line num="22" count="0" type="stmt"/>
      </file>
    </package>
    <package name="redux.actions">
      <metrics statements="55" coveredstatements="30" conditionals="6" coveredconditionals="0" methods="17" coveredmethods="10"/>
      <file name="actionTypes.js" path="C:\Users\rene_\Desktop\nearsoft\react-movie-search-omdb\src\redux\actions\actionTypes.js">
        <metrics statements="9" coveredstatements="9" conditionals="0" coveredconditionals="0" methods="0" coveredmethods="0"/>
        <line num="1" count="3" type="stmt"/>
        <line num="2" count="3" type="stmt"/>
        <line num="3" count="3" type="stmt"/>
        <line num="5" count="3" type="stmt"/>
        <line num="6" count="3" type="stmt"/>
        <line num="7" count="3" type="stmt"/>
        <line num="9" count="3" type="stmt"/>
        <line num="10" count="3" type="stmt"/>
        <line num="11" count="3" type="stmt"/>
      </file>
      <file name="movies.js" path="C:\Users\rene_\Desktop\nearsoft\react-movie-search-omdb\src\redux\actions\movies.js">
        <metrics statements="46" coveredstatements="21" conditionals="6" coveredconditionals="0" methods="17" coveredmethods="10"/>
        <line num="4" count="2" type="stmt"/>
        <line num="5" count="1" type="stmt"/>
        <line num="11" count="2" type="stmt"/>
        <line num="12" count="1" type="stmt"/>
        <line num="18" count="2" type="stmt"/>
        <line num="19" count="1" type="stmt"/>
        <line num="25" count="2" type="stmt"/>
        <line num="26" count="1" type="stmt"/>
        <line num="32" count="2" type="stmt"/>
        <line num="33" count="1" type="stmt"/>
        <line num="39" count="2" type="stmt"/>
        <line num="40" count="1" type="stmt"/>
        <line num="46" count="2" type="stmt"/>
        <line num="47" count="1" type="stmt"/>
        <line num="53" count="2" type="stmt"/>
        <line num="54" count="1" type="stmt"/>
        <line num="60" count="2" type="stmt"/>
        <line num="61" count="1" type="stmt"/>
        <line num="67" count="2" type="cond" truecount="0" falsecount="1"/>
        <line num="68" count="1" type="stmt"/>
        <line num="69" count="0" type="stmt"/>
        <line num="71" count="0" type="stmt"/>
        <line num="72" count="0" type="stmt"/>
        <line num="74" count="0" type="stmt"/>
        <line num="78" count="0" type="cond" truecount="0" falsecount="2"/>
        <line num="79" count="0" type="stmt"/>
        <line num="80" count="0" type="stmt"/>
        <line num="81" count="0" type="stmt"/>
        <line num="83" count="0" type="stmt"/>
        <line num="85" count="0" type="stmt"/>
        <line num="89" count="0" type="stmt"/>
        <line num="93" count="0" type="stmt"/>
        <line num="102" count="2" type="cond" truecount="0" falsecount="1"/>
        <line num="103" count="0" type="stmt"/>
        <line num="104" count="0" type="stmt"/>
        <line num="106" count="0" type="stmt"/>
        <line num="107" count="0" type="stmt"/>
        <line num="109" count="0" type="stmt"/>
        <line num="113" count="0" type="cond" truecount="0" falsecount="2"/>
        <line num="114" count="0" type="stmt"/>
        <line num="115" count="0" type="stmt"/>
        <line num="116" count="0" type="stmt"/>
        <line num="117" count="0" type="stmt"/>
        <line num="119" count="0" type="stmt"/>
        <line num="123" count="0" type="stmt"/>
        <line num="127" count="0" type="stmt"/>
      </file>
    </package>
    <package name="redux.reducers">
      <metrics statements="13" coveredstatements="13" conditionals="11" coveredconditionals="11" methods="1" coveredmethods="1"/>
      <file name="movies.js" path="C:\Users\rene_\Desktop\nearsoft\react-movie-search-omdb\src\redux\reducers\movies.js">
        <metrics statements="13" coveredstatements="13" conditionals="11" coveredconditionals="11" methods="1" coveredmethods="1"/>
        <line num="3" count="1" type="stmt"/>
        <line num="16" count="1" type="cond" truecount="1" falsecount="0"/>
        <line num="17" count="10" type="cond" truecount="10" falsecount="0"/>
        <line num="19" count="1" type="stmt"/>
        <line num="24" count="1" type="stmt"/>
        <line num="29" count="1" type="stmt"/>
        <line num="34" count="1" type="stmt"/>
        <line num="39" count="1" type="stmt"/>
        <line num="44" count="1" type="stmt"/>
        <line num="49" count="1" type="stmt"/>
        <line num="54" count="1" type="stmt"/>
        <line num="59" count="1" type="stmt"/>
        <line num="64" count="1" type="stmt"/>
      </file>
    </package>
  </project>
</coverage>
