<?xml version="1.0" encoding="UTF-8"?>
<coverage generated="1564722784891" clover="3.2.0">
  <project timestamp="1564722784891" name="All files">
    <metrics statements="52" coveredstatements="22" conditionals="26" coveredconditionals="15" methods="25" coveredmethods="11" elements="103" coveredelements="48" complexity="0" loc="52" ncloc="52" packages="9" files="14" classes="14"/>
    <package name="components">
      <metrics statements="1" coveredstatements="0" conditionals="0" coveredconditionals="0" methods="1" coveredmethods="0"/>
      <file name="content.js" path="C:\Users\rene_\Desktop\nearsoft\react-movie-search-omdb\src\components\content.js">
        <metrics statements="1" coveredstatements="0" conditionals="0" coveredconditionals="0" methods="1" coveredmethods="0"/>
        <line num="7" count="0" type="stmt"/>
      </file>
    </package>
    <package name="components.Movies">
      <metrics statements="6" coveredstatements="2" conditionals="6" coveredconditionals="4" methods="3" coveredmethods="1"/>
      <file name="movies.js" path="C:\Users\rene_\Desktop\nearsoft\react-movie-search-omdb\src\components\Movies\movies.js">
        <metrics statements="2" coveredstatements="2" conditionals="4" coveredconditionals="4" methods="1" coveredmethods="1"/>
        <line num="5" count="1" type="stmt"/>
        <line num="6" count="3" type="stmt"/>
      </file>
      <file name="moviesContainer.js" path="C:\Users\rene_\Desktop\nearsoft\react-movie-search-omdb\src\components\Movies\moviesContainer.js">
        <metrics statements="4" coveredstatements="0" conditionals="2" coveredconditionals="0" methods="2" coveredmethods="0"/>
        <line num="10" count="0" type="cond" truecount="0" falsecount="2"/>
        <line num="13" count="0" type="stmt"/>
        <line num="17" count="0" type="stmt"/>
        <line num="18" count="0" type="stmt"/>
      </file>
    </package>
    <package name="components.Movies.MovieCard">
      <metrics statements="3" coveredstatements="3" conditionals="2" coveredconditionals="2" methods="2" coveredmethods="2"/>
      <file name="movieCard.js" path="C:\Users\rene_\Desktop\nearsoft\react-movie-search-omdb\src\components\Movies\MovieCard\movieCard.js">
        <metrics statements="3" coveredstatements="3" conditionals="2" coveredconditionals="2" methods="2" coveredmethods="2"/>
        <line num="5" count="3" type="stmt"/>
        <line num="6" count="4" type="stmt"/>
        <line num="7" count="1" type="stmt"/>
      </file>
    </package>
    <package name="components.Movies.MovieDescription">
      <metrics statements="4" coveredstatements="4" conditionals="4" coveredconditionals="4" methods="3" coveredmethods="3"/>
      <file name="movieDescription.js" path="C:\Users\rene_\Desktop\nearsoft\react-movie-search-omdb\src\components\Movies\MovieDescription\movieDescription.js">
        <metrics statements="4" coveredstatements="4" conditionals="4" coveredconditionals="4" methods="3" coveredmethods="3"/>
        <line num="8" count="3" type="stmt"/>
        <line num="9" count="6" type="stmt"/>
        <line num="13" count="1" type="stmt"/>
        <line num="35" count="10" type="stmt"/>
      </file>
    </package>
    <package name="components.Movies.MoviesCarousel">
      <metrics statements="9" coveredstatements="3" conditionals="5" coveredconditionals="2" methods="5" coveredmethods="2"/>
      <file name="moviesCarousel.js" path="C:\Users\rene_\Desktop\nearsoft\react-movie-search-omdb\src\components\Movies\MoviesCarousel\moviesCarousel.js">
        <metrics statements="3" coveredstatements="3" conditionals="2" coveredconditionals="2" methods="2" coveredmethods="2"/>
        <line num="6" count="2" type="stmt"/>
        <line num="7" count="3" type="stmt"/>
        <line num="11" count="3" type="stmt"/>
      </file>
      <file name="moviesCarouselContainer.js" path="C:\Users\rene_\Desktop\nearsoft\react-movie-search-omdb\src\components\Movies\MoviesCarousel\moviesCarouselContainer.js">
        <metrics statements="6" coveredstatements="0" conditionals="3" coveredconditionals="0" methods="3" coveredmethods="0"/>
        <line num="6" count="0" type="stmt"/>
        <line num="10" count="0" type="cond" truecount="0" falsecount="1"/>
        <line num="11" count="0" type="stmt"/>
        <line num="15" count="0" type="cond" truecount="0" falsecount="2"/>
        <line num="16" count="0" type="stmt"/>
        <line num="21" count="0" type="stmt"/>
      </file>
    </package>
    <package name="components.Navbar">
      <metrics statements="7" coveredstatements="0" conditionals="0" coveredconditionals="0" methods="5" coveredmethods="0"/>
      <file name="navbar.js" path="C:\Users\rene_\Desktop\nearsoft\react-movie-search-omdb\src\components\Navbar\navbar.js">
        <metrics statements="7" coveredstatements="0" conditionals="0" coveredconditionals="0" methods="5" coveredmethods="0"/>
        <line num="7" count="0" type="stmt"/>
        <line num="8" count="0" type="stmt"/>
        <line num="11" count="0" type="stmt"/>
        <line num="18" count="0" type="stmt"/>
        <line num="28" count="0" type="stmt"/>
        <line num="29" count="0" type="stmt"/>
        <line num="30" count="0" type="stmt"/>
      </file>
    </package>
    <package name="redux">
      <metrics statements="5" coveredstatements="0" conditionals="4" coveredconditionals="0" methods="0" coveredmethods="0"/>
      <file name="createStore.js" path="C:\Users\rene_\Desktop\nearsoft\react-movie-search-omdb\src\redux\createStore.js">
        <metrics statements="5" coveredstatements="0" conditionals="4" coveredconditionals="0" methods="0" coveredmethods="0"/>
        <line num="6" count="0" type="stmt"/>
        <line num="8" count="0" type="cond" truecount="0" falsecount="2"/>
        <line num="10" count="0" type="cond" truecount="0" falsecount="2"/>
        <line num="11" count="0" type="stmt"/>
        <line num="14" count="0" type="stmt"/>
      </file>
    </package>
    <package name="redux.actions">
      <metrics statements="12" coveredstatements="5" conditionals="2" coveredconditionals="0" methods="5" coveredmethods="2"/>
      <file name="actionTypes.js" path="C:\Users\rene_\Desktop\nearsoft\react-movie-search-omdb\src\redux\actions\actionTypes.js">
        <metrics statements="1" coveredstatements="1" conditionals="0" coveredconditionals="0" methods="0" coveredmethods="0"/>
        <line num="1" count="2" type="stmt"/>
      </file>
      <file name="index.js" path="C:\Users\rene_\Desktop\nearsoft\react-movie-search-omdb\src\redux\actions\index.js">
        <metrics statements="0" coveredstatements="0" conditionals="0" coveredconditionals="0" methods="0" coveredmethods="0"/>
      </file>
      <file name="movies.js" path="C:\Users\rene_\Desktop\nearsoft\react-movie-search-omdb\src\redux\actions\movies.js">
        <metrics statements="11" coveredstatements="4" conditionals="2" coveredconditionals="0" methods="5" coveredmethods="2"/>
        <line num="4" count="1" type="stmt"/>
        <line num="5" count="1" type="stmt"/>
        <line num="11" count="1" type="stmt"/>
        <line num="12" count="1" type="stmt"/>
        <line num="13" count="0" type="stmt"/>
        <line num="15" count="0" type="stmt"/>
        <line num="19" count="0" type="cond" truecount="0" falsecount="2"/>
        <line num="20" count="0" type="stmt"/>
        <line num="22" count="0" type="stmt"/>
        <line num="26" count="0" type="stmt"/>
        <line num="30" count="0" type="stmt"/>
      </file>
    </package>
    <package name="redux.reducers">
      <metrics statements="5" coveredstatements="5" conditionals="3" coveredconditionals="3" methods="1" coveredmethods="1"/>
      <file name="index.js" path="C:\Users\rene_\Desktop\nearsoft\react-movie-search-omdb\src\redux\reducers\index.js">
        <metrics statements="0" coveredstatements="0" conditionals="0" coveredconditionals="0" methods="0" coveredmethods="0"/>
      </file>
      <file name="movies.js" path="C:\Users\rene_\Desktop\nearsoft\react-movie-search-omdb\src\redux\reducers\movies.js">
        <metrics statements="5" coveredstatements="5" conditionals="3" coveredconditionals="3" methods="1" coveredmethods="1"/>
        <line num="3" count="1" type="stmt"/>
        <line num="8" count="1" type="cond" truecount="1" falsecount="0"/>
        <line num="9" count="2" type="cond" truecount="2" falsecount="0"/>
        <line num="11" count="1" type="stmt"/>
        <line num="16" count="1" type="stmt"/>
      </file>
    </package>
  </project>
</coverage>
