{"C:\\Users\\rene_\\Desktop\\nearsoft\\react-movie-search-omdb\\src\\components\\Movies\\movies.js": {"path":"C:\\Users\\rene_\\Desktop\\nearsoft\\react-movie-search-omdb\\src\\components\\Movies\\movies.js","statementMap":{"0":{"start":{"line":5,"column":22},"end":{"line":26,"column":1}},"1":{"start":{"line":6,"column":2},"end":{"line":25,"column":4}}},"fnMap":{"0":{"name":"(anonymous_0)","decl":{"start":{"line":5,"column":22},"end":{"line":5,"column":23}},"loc":{"start":{"line":5,"column":31},"end":{"line":26,"column":1}},"line":5}},"branchMap":{"0":{"loc":{"start":{"line":8,"column":7},"end":{"line":15,"column":14}},"type":"cond-expr","locations":[{"start":{"line":9,"column":8},"end":{"line":14,"column":10}},{"start":{"line":15,"column":10},"end":{"line":15,"column":14}}],"line":8},"1":{"loc":{"start":{"line":16,"column":7},"end":{"line":23,"column":14}},"type":"cond-expr","locations":[{"start":{"line":17,"column":8},"end":{"line":22,"column":10}},{"start":{"line":23,"column":10},"end":{"line":23,"column":14}}],"line":16}},"s":{"0":2,"1":3},"f":{"0":3},"b":{"0":[2,1],"1":[2,1]},"_coverageSchema":"43e27e138ebf9cfc5966b082cf9a028302ed4184","hash":"310fa6c387386996d46800a24b8ba8f6e769a634"}
,"C:\\Users\\rene_\\Desktop\\nearsoft\\react-movie-search-omdb\\src\\components\\Movies\\moviesContainer.js": {"path":"C:\\Users\\rene_\\Desktop\\nearsoft\\react-movie-search-omdb\\src\\components\\Movies\\moviesContainer.js","statementMap":{"0":{"start":{"line":9,"column":19},"end":{"line":9,"column":48}},"1":{"start":{"line":12,"column":4},"end":{"line":20,"column":5}},"2":{"start":{"line":16,"column":6},"end":{"line":19,"column":8}},"3":{"start":{"line":24,"column":4},"end":{"line":24,"column":75}},"4":{"start":{"line":28,"column":24},"end":{"line":35,"column":1}},"5":{"start":{"line":29,"column":2},"end":{"line":34,"column":4}},"6":{"start":{"line":37,"column":27},"end":{"line":42,"column":1}},"7":{"start":{"line":38,"column":2},"end":{"line":41,"column":4}},"8":{"start":{"line":39,"column":26},"end":{"line":39,"column":62}},"9":{"start":{"line":40,"column":26},"end":{"line":40,"column":62}}},"fnMap":{"0":{"name":"(anonymous_0)","decl":{"start":{"line":11,"column":2},"end":{"line":11,"column":3}},"loc":{"start":{"line":11,"column":38},"end":{"line":21,"column":3}},"line":11},"1":{"name":"(anonymous_1)","decl":{"start":{"line":23,"column":2},"end":{"line":23,"column":3}},"loc":{"start":{"line":23,"column":11},"end":{"line":25,"column":3}},"line":23},"2":{"name":"(anonymous_2)","decl":{"start":{"line":28,"column":24},"end":{"line":28,"column":25}},"loc":{"start":{"line":28,"column":33},"end":{"line":35,"column":1}},"line":28},"3":{"name":"(anonymous_3)","decl":{"start":{"line":37,"column":27},"end":{"line":37,"column":28}},"loc":{"start":{"line":37,"column":39},"end":{"line":42,"column":1}},"line":37},"4":{"name":"(anonymous_4)","decl":{"start":{"line":39,"column":18},"end":{"line":39,"column":19}},"loc":{"start":{"line":39,"column":26},"end":{"line":39,"column":62}},"line":39},"5":{"name":"(anonymous_5)","decl":{"start":{"line":40,"column":18},"end":{"line":40,"column":19}},"loc":{"start":{"line":40,"column":26},"end":{"line":40,"column":62}},"line":40}},"branchMap":{"0":{"loc":{"start":{"line":12,"column":4},"end":{"line":20,"column":5}},"type":"if","locations":[{"start":{"line":12,"column":4},"end":{"line":20,"column":5}},{"start":{"line":12,"column":4},"end":{"line":20,"column":5}}],"line":12},"1":{"loc":{"start":{"line":13,"column":6},"end":{"line":14,"column":43}},"type":"binary-expr","locations":[{"start":{"line":13,"column":6},"end":{"line":13,"column":43}},{"start":{"line":14,"column":6},"end":{"line":14,"column":43}}],"line":13},"2":{"loc":{"start":{"line":17,"column":15},"end":{"line":17,"column":66}},"type":"cond-expr","locations":[{"start":{"line":17,"column":44},"end":{"line":17,"column":59}},{"start":{"line":17,"column":62},"end":{"line":17,"column":66}}],"line":17},"3":{"loc":{"start":{"line":18,"column":16},"end":{"line":18,"column":67}},"type":"cond-expr","locations":[{"start":{"line":18,"column":45},"end":{"line":18,"column":60}},{"start":{"line":18,"column":63},"end":{"line":18,"column":67}}],"line":18}},"s":{"0":3,"1":2,"2":1,"3":3,"4":1,"5":0,"6":1,"7":0,"8":0,"9":0},"f":{"0":2,"1":3,"2":0,"3":0,"4":0,"5":0},"b":{"0":[1,1],"1":[2,1],"2":[1,0],"3":[1,0]},"_coverageSchema":"43e27e138ebf9cfc5966b082cf9a028302ed4184","hash":"456bc82527df1ddc8f6dd86ba29284d92c0a6fad"}
,"C:\\Users\\rene_\\Desktop\\nearsoft\\react-movie-search-omdb\\src\\components\\Movies\\MoviesCarousel\\moviesCarousel.js": {"path":"C:\\Users\\rene_\\Desktop\\nearsoft\\react-movie-search-omdb\\src\\components\\Movies\\MoviesCarousel\\moviesCarousel.js","statementMap":{"0":{"start":{"line":6,"column":23},"end":{"line":43,"column":1}},"1":{"start":{"line":7,"column":2},"end":{"line":42,"column":4}},"2":{"start":{"line":12,"column":59},"end":{"line":12,"column":84}},"3":{"start":{"line":15,"column":85},"end":{"line":15,"column":128}},"4":{"start":{"line":21,"column":10},"end":{"line":27,"column":12}},"5":{"start":{"line":30,"column":83},"end":{"line":30,"column":126}}},"fnMap":{"0":{"name":"(anonymous_0)","decl":{"start":{"line":6,"column":23},"end":{"line":6,"column":24}},"loc":{"start":{"line":6,"column":32},"end":{"line":43,"column":1}},"line":6},"1":{"name":"(anonymous_1)","decl":{"start":{"line":12,"column":51},"end":{"line":12,"column":52}},"loc":{"start":{"line":12,"column":59},"end":{"line":12,"column":84}},"line":12},"2":{"name":"(anonymous_2)","decl":{"start":{"line":15,"column":79},"end":{"line":15,"column":80}},"loc":{"start":{"line":15,"column":85},"end":{"line":15,"column":128}},"line":15},"3":{"name":"(anonymous_3)","decl":{"start":{"line":20,"column":26},"end":{"line":20,"column":27}},"loc":{"start":{"line":20,"column":35},"end":{"line":28,"column":9}},"line":20},"4":{"name":"(anonymous_4)","decl":{"start":{"line":30,"column":77},"end":{"line":30,"column":78}},"loc":{"start":{"line":30,"column":83},"end":{"line":30,"column":126}},"line":30}},"branchMap":{"0":{"loc":{"start":{"line":13,"column":9},"end":{"line":19,"column":16}},"type":"cond-expr","locations":[{"start":{"line":14,"column":10},"end":{"line":18,"column":16}},{"start":{"line":19,"column":12},"end":{"line":19,"column":16}}],"line":13},"1":{"loc":{"start":{"line":35,"column":7},"end":{"line":40,"column":14}},"type":"cond-expr","locations":[{"start":{"line":36,"column":8},"end":{"line":39,"column":10}},{"start":{"line":40,"column":10},"end":{"line":40,"column":14}}],"line":35}},"s":{"0":4,"1":6,"2":0,"3":1,"4":6,"5":1},"f":{"0":6,"1":0,"2":1,"3":6,"4":1},"b":{"0":[5,1],"1":[1,5]},"_coverageSchema":"43e27e138ebf9cfc5966b082cf9a028302ed4184","hash":"3d41eb719dfea3c4dc8dd835a6fff9bf41662771"}
,"C:\\Users\\rene_\\Desktop\\nearsoft\\react-movie-search-omdb\\src\\components\\Movies\\MoviesCarousel\\moviesCarouselContainer.js": {"path":"C:\\Users\\rene_\\Desktop\\nearsoft\\react-movie-search-omdb\\src\\components\\Movies\\MoviesCarousel\\moviesCarouselContainer.js","statementMap":{"0":{"start":{"line":6,"column":16},"end":{"line":6,"column":33}},"1":{"start":{"line":8,"column":10},"end":{"line":10,"column":3}},"2":{"start":{"line":12,"column":21},"end":{"line":14,"column":3}},"3":{"start":{"line":13,"column":4},"end":{"line":13,"column":44}},"4":{"start":{"line":17,"column":4},"end":{"line":20,"column":5}},"5":{"start":{"line":18,"column":6},"end":{"line":18,"column":30}},"6":{"start":{"line":19,"column":6},"end":{"line":19,"column":66}},"7":{"start":{"line":24,"column":4},"end":{"line":33,"column":6}},"8":{"start":{"line":27,"column":10},"end":{"line":27,"column":32}}},"fnMap":{"0":{"name":"(anonymous_0)","decl":{"start":{"line":12,"column":21},"end":{"line":12,"column":22}},"loc":{"start":{"line":12,"column":39},"end":{"line":14,"column":3}},"line":12},"1":{"name":"(anonymous_1)","decl":{"start":{"line":16,"column":2},"end":{"line":16,"column":3}},"loc":{"start":{"line":16,"column":38},"end":{"line":21,"column":3}},"line":16},"2":{"name":"(anonymous_2)","decl":{"start":{"line":23,"column":2},"end":{"line":23,"column":3}},"loc":{"start":{"line":23,"column":11},"end":{"line":34,"column":3}},"line":23},"3":{"name":"(anonymous_3)","decl":{"start":{"line":26,"column":25},"end":{"line":26,"column":26}},"loc":{"start":{"line":26,"column":31},"end":{"line":28,"column":9}},"line":26}},"branchMap":{"0":{"loc":{"start":{"line":12,"column":22},"end":{"line":12,"column":34}},"type":"default-arg","locations":[{"start":{"line":12,"column":30},"end":{"line":12,"column":34}}],"line":12},"1":{"loc":{"start":{"line":17,"column":4},"end":{"line":20,"column":5}},"type":"if","locations":[{"start":{"line":17,"column":4},"end":{"line":20,"column":5}},{"start":{"line":17,"column":4},"end":{"line":20,"column":5}}],"line":17}},"s":{"0":4,"1":4,"2":4,"3":2,"4":2,"5":1,"6":1,"7":6,"8":0},"f":{"0":2,"1":2,"2":6,"3":0},"b":{"0":[1],"1":[1,1]},"_coverageSchema":"43e27e138ebf9cfc5966b082cf9a028302ed4184","hash":"de3d732fef00c271fcc84e34e0c223aa1cf3ecca"}
,"C:\\Users\\rene_\\Desktop\\nearsoft\\react-movie-search-omdb\\src\\components\\Navbar\\navbarContainer.js": {"path":"C:\\Users\\rene_\\Desktop\\nearsoft\\react-movie-search-omdb\\src\\components\\Navbar\\navbarContainer.js","statementMap":{"0":{"start":{"line":7,"column":19},"end":{"line":11,"column":3}},"1":{"start":{"line":8,"column":4},"end":{"line":8,"column":52}},"2":{"start":{"line":9,"column":4},"end":{"line":9,"column":30}},"3":{"start":{"line":10,"column":4},"end":{"line":10,"column":30}},"4":{"start":{"line":14,"column":4},"end":{"line":14,"column":75}},"5":{"start":{"line":18,"column":27},"end":{"line":24,"column":1}},"6":{"start":{"line":19,"column":2},"end":{"line":23,"column":4}},"7":{"start":{"line":20,"column":24},"end":{"line":20,"column":56}},"8":{"start":{"line":21,"column":24},"end":{"line":21,"column":56}},"9":{"start":{"line":22,"column":38},"end":{"line":22,"column":86}}},"fnMap":{"0":{"name":"(anonymous_0)","decl":{"start":{"line":7,"column":19},"end":{"line":7,"column":20}},"loc":{"start":{"line":7,"column":28},"end":{"line":11,"column":3}},"line":7},"1":{"name":"(anonymous_1)","decl":{"start":{"line":13,"column":2},"end":{"line":13,"column":3}},"loc":{"start":{"line":13,"column":11},"end":{"line":15,"column":3}},"line":13},"2":{"name":"(anonymous_2)","decl":{"start":{"line":18,"column":27},"end":{"line":18,"column":28}},"loc":{"start":{"line":18,"column":39},"end":{"line":24,"column":1}},"line":18},"3":{"name":"(anonymous_3)","decl":{"start":{"line":20,"column":18},"end":{"line":20,"column":19}},"loc":{"start":{"line":20,"column":24},"end":{"line":20,"column":56}},"line":20},"4":{"name":"(anonymous_4)","decl":{"start":{"line":21,"column":18},"end":{"line":21,"column":19}},"loc":{"start":{"line":21,"column":24},"end":{"line":21,"column":56}},"line":21},"5":{"name":"(anonymous_5)","decl":{"start":{"line":22,"column":22},"end":{"line":22,"column":23}},"loc":{"start":{"line":22,"column":38},"end":{"line":22,"column":86}},"line":22}},"branchMap":{},"s":{"0":0,"1":0,"2":0,"3":0,"4":0,"5":0,"6":0,"7":0,"8":0,"9":0},"f":{"0":0,"1":0,"2":0,"3":0,"4":0,"5":0},"b":{},"hash":"0cf24f6d53cb696b1d7e9cb08313c98022973ee9"}
,"C:\\Users\\rene_\\Desktop\\nearsoft\\react-movie-search-omdb\\src\\redux\\actions\\actionTypes.js": {"path":"C:\\Users\\rene_\\Desktop\\nearsoft\\react-movie-search-omdb\\src\\redux\\actions\\actionTypes.js","statementMap":{"0":{"start":{"line":1,"column":26},"end":{"line":1,"column":38}},"1":{"start":{"line":2,"column":26},"end":{"line":2,"column":38}},"2":{"start":{"line":3,"column":34},"end":{"line":3,"column":54}},"3":{"start":{"line":5,"column":38},"end":{"line":5,"column":62}},"4":{"start":{"line":6,"column":35},"end":{"line":6,"column":56}},"5":{"start":{"line":7,"column":35},"end":{"line":7,"column":56}},"6":{"start":{"line":9,"column":38},"end":{"line":9,"column":62}},"7":{"start":{"line":10,"column":35},"end":{"line":10,"column":56}},"8":{"start":{"line":11,"column":35},"end":{"line":11,"column":56}}},"fnMap":{},"branchMap":{},"s":{"0":3,"1":3,"2":3,"3":3,"4":3,"5":3,"6":3,"7":3,"8":3},"f":{},"b":{},"_coverageSchema":"43e27e138ebf9cfc5966b082cf9a028302ed4184","hash":"49511d6a5e5074f9e8ad0931c9bbf31139321c6d"}
,"C:\\Users\\rene_\\Desktop\\nearsoft\\react-movie-search-omdb\\src\\redux\\actions\\movies.js": {"path":"C:\\Users\\rene_\\Desktop\\nearsoft\\react-movie-search-omdb\\src\\redux\\actions\\movies.js","statementMap":{"0":{"start":{"line":4,"column":32},"end":{"line":9,"column":1}},"1":{"start":{"line":5,"column":2},"end":{"line":8,"column":4}},"2":{"start":{"line":11,"column":32},"end":{"line":16,"column":1}},"3":{"start":{"line":12,"column":2},"end":{"line":15,"column":4}},"4":{"start":{"line":18,"column":32},"end":{"line":23,"column":1}},"5":{"start":{"line":19,"column":2},"end":{"line":22,"column":4}},"6":{"start":{"line":25,"column":35},"end":{"line":30,"column":1}},"7":{"start":{"line":26,"column":2},"end":{"line":29,"column":4}},"8":{"start":{"line":32,"column":32},"end":{"line":37,"column":1}},"9":{"start":{"line":33,"column":2},"end":{"line":36,"column":4}},"10":{"start":{"line":39,"column":32},"end":{"line":44,"column":1}},"11":{"start":{"line":40,"column":2},"end":{"line":43,"column":4}},"12":{"start":{"line":46,"column":35},"end":{"line":51,"column":1}},"13":{"start":{"line":47,"column":2},"end":{"line":50,"column":4}},"14":{"start":{"line":53,"column":25},"end":{"line":58,"column":1}},"15":{"start":{"line":54,"column":2},"end":{"line":57,"column":4}},"16":{"start":{"line":60,"column":25},"end":{"line":65,"column":1}},"17":{"start":{"line":61,"column":2},"end":{"line":64,"column":4}},"18":{"start":{"line":67,"column":28},"end":{"line":100,"column":1}},"19":{"start":{"line":68,"column":2},"end":{"line":99,"column":4}},"20":{"start":{"line":69,"column":4},"end":{"line":98,"column":5}},"21":{"start":{"line":71,"column":18},"end":{"line":71,"column":28}},"22":{"start":{"line":72,"column":22},"end":{"line":72,"column":48}},"23":{"start":{"line":74,"column":19},"end":{"line":76,"column":7}},"24":{"start":{"line":78,"column":6},"end":{"line":95,"column":7}},"25":{"start":{"line":79,"column":8},"end":{"line":79,"column":45}},"26":{"start":{"line":80,"column":8},"end":{"line":80,"column":45}},"27":{"start":{"line":81,"column":8},"end":{"line":81,"column":44}},"28":{"start":{"line":83,"column":8},"end":{"line":94,"column":11}},"29":{"start":{"line":85,"column":22},"end":{"line":87,"column":13}},"30":{"start":{"line":89,"column":12},"end":{"line":89,"column":28}},"31":{"start":{"line":93,"column":10},"end":{"line":93,"column":42}},"32":{"start":{"line":102,"column":28},"end":{"line":134,"column":1}},"33":{"start":{"line":103,"column":2},"end":{"line":133,"column":4}},"34":{"start":{"line":104,"column":4},"end":{"line":132,"column":5}},"35":{"start":{"line":106,"column":18},"end":{"line":106,"column":28}},"36":{"start":{"line":107,"column":23},"end":{"line":107,"column":49}},"37":{"start":{"line":109,"column":19},"end":{"line":111,"column":7}},"38":{"start":{"line":113,"column":6},"end":{"line":129,"column":7}},"39":{"start":{"line":114,"column":8},"end":{"line":114,"column":45}},"40":{"start":{"line":115,"column":8},"end":{"line":115,"column":45}},"41":{"start":{"line":116,"column":8},"end":{"line":116,"column":44}},"42":{"start":{"line":117,"column":8},"end":{"line":128,"column":11}},"43":{"start":{"line":119,"column":22},"end":{"line":121,"column":13}},"44":{"start":{"line":123,"column":12},"end":{"line":123,"column":28}},"45":{"start":{"line":127,"column":10},"end":{"line":127,"column":42}}},"fnMap":{"0":{"name":"(anonymous_0)","decl":{"start":{"line":4,"column":32},"end":{"line":4,"column":33}},"loc":{"start":{"line":4,"column":47},"end":{"line":9,"column":1}},"line":4},"1":{"name":"(anonymous_1)","decl":{"start":{"line":11,"column":32},"end":{"line":11,"column":33}},"loc":{"start":{"line":11,"column":40},"end":{"line":16,"column":1}},"line":11},"2":{"name":"(anonymous_2)","decl":{"start":{"line":18,"column":32},"end":{"line":18,"column":33}},"loc":{"start":{"line":18,"column":40},"end":{"line":23,"column":1}},"line":18},"3":{"name":"(anonymous_3)","decl":{"start":{"line":25,"column":35},"end":{"line":25,"column":36}},"loc":{"start":{"line":25,"column":43},"end":{"line":30,"column":1}},"line":25},"4":{"name":"(anonymous_4)","decl":{"start":{"line":32,"column":32},"end":{"line":32,"column":33}},"loc":{"start":{"line":32,"column":40},"end":{"line":37,"column":1}},"line":32},"5":{"name":"(anonymous_5)","decl":{"start":{"line":39,"column":32},"end":{"line":39,"column":33}},"loc":{"start":{"line":39,"column":40},"end":{"line":44,"column":1}},"line":39},"6":{"name":"(anonymous_6)","decl":{"start":{"line":46,"column":35},"end":{"line":46,"column":36}},"loc":{"start":{"line":46,"column":43},"end":{"line":51,"column":1}},"line":46},"7":{"name":"(anonymous_7)","decl":{"start":{"line":53,"column":25},"end":{"line":53,"column":26}},"loc":{"start":{"line":53,"column":35},"end":{"line":58,"column":1}},"line":53},"8":{"name":"(anonymous_8)","decl":{"start":{"line":60,"column":25},"end":{"line":60,"column":26}},"loc":{"start":{"line":60,"column":35},"end":{"line":65,"column":1}},"line":60},"9":{"name":"(anonymous_9)","decl":{"start":{"line":67,"column":28},"end":{"line":67,"column":29}},"loc":{"start":{"line":67,"column":42},"end":{"line":100,"column":1}},"line":67},"10":{"name":"(anonymous_10)","decl":{"start":{"line":68,"column":9},"end":{"line":68,"column":10}},"loc":{"start":{"line":68,"column":39},"end":{"line":99,"column":3}},"line":68},"11":{"name":"(anonymous_11)","decl":{"start":{"line":84,"column":33},"end":{"line":84,"column":34}},"loc":{"start":{"line":84,"column":48},"end":{"line":90,"column":11}},"line":84},"12":{"name":"(anonymous_12)","decl":{"start":{"line":91,"column":15},"end":{"line":91,"column":16}},"loc":{"start":{"line":91,"column":22},"end":{"line":94,"column":9}},"line":91},"13":{"name":"(anonymous_13)","decl":{"start":{"line":102,"column":28},"end":{"line":102,"column":29}},"loc":{"start":{"line":102,"column":42},"end":{"line":134,"column":1}},"line":102},"14":{"name":"(anonymous_14)","decl":{"start":{"line":103,"column":9},"end":{"line":103,"column":10}},"loc":{"start":{"line":103,"column":39},"end":{"line":133,"column":3}},"line":103},"15":{"name":"(anonymous_15)","decl":{"start":{"line":118,"column":33},"end":{"line":118,"column":34}},"loc":{"start":{"line":118,"column":48},"end":{"line":124,"column":11}},"line":118},"16":{"name":"(anonymous_16)","decl":{"start":{"line":125,"column":15},"end":{"line":125,"column":16}},"loc":{"start":{"line":125,"column":22},"end":{"line":128,"column":9}},"line":125}},"branchMap":{"0":{"loc":{"start":{"line":67,"column":29},"end":{"line":67,"column":37}},"type":"default-arg","locations":[{"start":{"line":67,"column":36},"end":{"line":67,"column":37}}],"line":67},"1":{"loc":{"start":{"line":78,"column":6},"end":{"line":95,"column":7}},"type":"if","locations":[{"start":{"line":78,"column":6},"end":{"line":95,"column":7}},{"start":{"line":78,"column":6},"end":{"line":95,"column":7}}],"line":78},"2":{"loc":{"start":{"line":102,"column":29},"end":{"line":102,"column":37}},"type":"default-arg","locations":[{"start":{"line":102,"column":36},"end":{"line":102,"column":37}}],"line":102},"3":{"loc":{"start":{"line":113,"column":6},"end":{"line":129,"column":7}},"type":"if","locations":[{"start":{"line":113,"column":6},"end":{"line":129,"column":7}},{"start":{"line":113,"column":6},"end":{"line":129,"column":7}}],"line":113}},"s":{"0":2,"1":1,"2":2,"3":1,"4":2,"5":1,"6":2,"7":1,"8":2,"9":1,"10":2,"11":1,"12":2,"13":1,"14":2,"15":1,"16":2,"17":1,"18":2,"19":1,"20":0,"21":0,"22":0,"23":0,"24":0,"25":0,"26":0,"27":0,"28":0,"29":0,"30":0,"31":0,"32":2,"33":0,"34":0,"35":0,"36":0,"37":0,"38":0,"39":0,"40":0,"41":0,"42":0,"43":0,"44":0,"45":0},"f":{"0":1,"1":1,"2":1,"3":1,"4":1,"5":1,"6":1,"7":1,"8":1,"9":1,"10":0,"11":0,"12":0,"13":0,"14":0,"15":0,"16":0},"b":{"0":[0],"1":[0,0],"2":[0],"3":[0,0]},"_coverageSchema":"43e27e138ebf9cfc5966b082cf9a028302ed4184","hash":"bdbe08a7444f8f9f74e58b240523a7cdabacb707"}
,"C:\\Users\\rene_\\Desktop\\nearsoft\\react-movie-search-omdb\\src\\redux\\reducers\\movies.js": {"path":"C:\\Users\\rene_\\Desktop\\nearsoft\\react-movie-search-omdb\\src\\redux\\reducers\\movies.js","statementMap":{"0":{"start":{"line":3,"column":21},"end":{"line":14,"column":1}},"1":{"start":{"line":16,"column":22},"end":{"line":66,"column":1}},"2":{"start":{"line":17,"column":2},"end":{"line":65,"column":3}},"3":{"start":{"line":19,"column":6},"end":{"line":22,"column":8}},"4":{"start":{"line":24,"column":6},"end":{"line":27,"column":8}},"5":{"start":{"line":29,"column":6},"end":{"line":32,"column":8}},"6":{"start":{"line":34,"column":6},"end":{"line":37,"column":8}},"7":{"start":{"line":39,"column":6},"end":{"line":42,"column":8}},"8":{"start":{"line":44,"column":6},"end":{"line":47,"column":8}},"9":{"start":{"line":49,"column":6},"end":{"line":52,"column":8}},"10":{"start":{"line":54,"column":6},"end":{"line":57,"column":8}},"11":{"start":{"line":59,"column":6},"end":{"line":62,"column":8}},"12":{"start":{"line":64,"column":6},"end":{"line":64,"column":19}}},"fnMap":{"0":{"name":"(anonymous_0)","decl":{"start":{"line":16,"column":22},"end":{"line":16,"column":23}},"loc":{"start":{"line":16,"column":56},"end":{"line":66,"column":1}},"line":16}},"branchMap":{"0":{"loc":{"start":{"line":16,"column":23},"end":{"line":16,"column":43}},"type":"default-arg","locations":[{"start":{"line":16,"column":31},"end":{"line":16,"column":43}}],"line":16},"1":{"loc":{"start":{"line":17,"column":2},"end":{"line":65,"column":3}},"type":"switch","locations":[{"start":{"line":18,"column":4},"end":{"line":22,"column":8}},{"start":{"line":23,"column":4},"end":{"line":27,"column":8}},{"start":{"line":28,"column":4},"end":{"line":32,"column":8}},{"start":{"line":33,"column":4},"end":{"line":37,"column":8}},{"start":{"line":38,"column":4},"end":{"line":42,"column":8}},{"start":{"line":43,"column":4},"end":{"line":47,"column":8}},{"start":{"line":48,"column":6},"end":{"line":52,"column":8}},{"start":{"line":53,"column":4},"end":{"line":57,"column":8}},{"start":{"line":58,"column":4},"end":{"line":62,"column":8}},{"start":{"line":63,"column":4},"end":{"line":64,"column":19}}],"line":17}},"s":{"0":1,"1":1,"2":10,"3":1,"4":1,"5":1,"6":1,"7":1,"8":1,"9":1,"10":1,"11":1,"12":1},"f":{"0":10},"b":{"0":[1],"1":[1,1,1,1,1,1,1,1,1,1]},"_coverageSchema":"43e27e138ebf9cfc5966b082cf9a028302ed4184","hash":"c4d05e4ff2337baac0e3d8f1cf3f96f445b0bbb8"}
}
