TN:
SF:C:\Users\rene_\Desktop\nearsoft\react-movie-search-omdb\src\components\Movies\movies.js
FN:5,(anonymous_0)
FNF:1
FNH:1
FNDA:3,(anonymous_0)
DA:5,2
DA:6,3
LF:2
LH:2
BRDA:8,0,0,2
BRDA:8,0,1,1
BRDA:16,1,0,2
BRDA:16,1,1,1
BRF:4
BRH:4
end_of_record
TN:
SF:C:\Users\rene_\Desktop\nearsoft\react-movie-search-omdb\src\components\Movies\moviesContainer.js
FN:11,(anonymous_0)
FN:23,(anonymous_1)
FN:28,(anonymous_2)
FN:37,(anonymous_3)
FN:39,(anonymous_4)
FN:40,(anonymous_5)
FNF:6
FNH:2
FNDA:2,(anonymous_0)
FNDA:3,(anonymous_1)
FNDA:0,(anonymous_2)
FNDA:0,(anonymous_3)
FNDA:0,(anonymous_4)
FNDA:0,(anonymous_5)
DA:9,3
DA:12,2
DA:16,1
DA:24,3
DA:28,1
DA:29,0
DA:37,1
DA:38,0
DA:39,0
DA:40,0
LF:10
LH:6
BRDA:12,0,0,1
BRDA:12,0,1,1
BRDA:13,1,0,2
BRDA:13,1,1,1
BRDA:17,2,0,1
BRDA:17,2,1,0
BRDA:18,3,0,1
BRDA:18,3,1,0
BRF:8
BRH:6
end_of_record
TN:
SF:C:\Users\rene_\Desktop\nearsoft\react-movie-search-omdb\src\components\Movies\MoviesCarousel\moviesCarousel.js
FN:6,(anonymous_0)
FN:12,(anonymous_1)
FN:15,(anonymous_2)
FN:20,(anonymous_3)
FN:30,(anonymous_4)
FNF:5
FNH:4
FNDA:6,(anonymous_0)
FNDA:0,(anonymous_1)
FNDA:1,(anonymous_2)
FNDA:6,(anonymous_3)
FNDA:1,(anonymous_4)
DA:6,4
DA:7,6
DA:12,0
DA:15,1
DA:21,6
DA:30,1
LF:6
LH:5
BRDA:13,0,0,5
BRDA:13,0,1,1
BRDA:35,1,0,1
BRDA:35,1,1,5
BRF:4
BRH:4
end_of_record
TN:
SF:C:\Users\rene_\Desktop\nearsoft\react-movie-search-omdb\src\components\Movies\MoviesCarousel\moviesCarouselContainer.js
FN:12,(anonymous_0)
FN:16,(anonymous_1)
FN:23,(anonymous_2)
FN:26,(anonymous_3)
FNF:4
FNH:3
FNDA:2,(anonymous_0)
FNDA:2,(anonymous_1)
FNDA:6,(anonymous_2)
FNDA:0,(anonymous_3)
DA:6,4
DA:8,4
DA:12,4
DA:13,2
DA:17,2
DA:18,1
DA:19,1
DA:24,6
DA:27,0
LF:9
LH:8
BRDA:12,0,0,1
BRDA:17,1,0,1
BRDA:17,1,1,1
BRF:3
BRH:3
end_of_record
TN:
SF:C:\Users\rene_\Desktop\nearsoft\react-movie-search-omdb\src\components\Navbar\navbarContainer.js
FN:7,(anonymous_0)
FN:13,(anonymous_1)
FN:18,(anonymous_2)
FN:20,(anonymous_3)
FN:21,(anonymous_4)
FN:22,(anonymous_5)
FNF:6
FNH:0
FNDA:0,(anonymous_0)
FNDA:0,(anonymous_1)
FNDA:0,(anonymous_2)
FNDA:0,(anonymous_3)
FNDA:0,(anonymous_4)
FNDA:0,(anonymous_5)
DA:7,0
DA:8,0
DA:9,0
DA:10,0
DA:14,0
DA:18,0
DA:19,0
DA:20,0
DA:21,0
DA:22,0
LF:10
LH:0
BRF:0
BRH:0
end_of_record
TN:
SF:C:\Users\rene_\Desktop\nearsoft\react-movie-search-omdb\src\redux\actions\actionTypes.js
FNF:0
FNH:0
DA:1,3
DA:2,3
DA:3,3
DA:5,3
DA:6,3
DA:7,3
DA:9,3
DA:10,3
DA:11,3
LF:9
LH:9
BRF:0
BRH:0
end_of_record
TN:
SF:C:\Users\rene_\Desktop\nearsoft\react-movie-search-omdb\src\redux\actions\movies.js
FN:4,(anonymous_0)
FN:11,(anonymous_1)
FN:18,(anonymous_2)
FN:25,(anonymous_3)
FN:32,(anonymous_4)
FN:39,(anonymous_5)
FN:46,(anonymous_6)
FN:53,(anonymous_7)
FN:60,(anonymous_8)
FN:67,(anonymous_9)
FN:68,(anonymous_10)
FN:84,(anonymous_11)
FN:91,(anonymous_12)
FN:102,(anonymous_13)
FN:103,(anonymous_14)
FN:118,(anonymous_15)
FN:125,(anonymous_16)
FNF:17
FNH:10
FNDA:1,(anonymous_0)
FNDA:1,(anonymous_1)
FNDA:1,(anonymous_2)
FNDA:1,(anonymous_3)
FNDA:1,(anonymous_4)
FNDA:1,(anonymous_5)
FNDA:1,(anonymous_6)
FNDA:1,(anonymous_7)
FNDA:1,(anonymous_8)
FNDA:1,(anonymous_9)
FNDA:0,(anonymous_10)
FNDA:0,(anonymous_11)
FNDA:0,(anonymous_12)
FNDA:0,(anonymous_13)
FNDA:0,(anonymous_14)
FNDA:0,(anonymous_15)
FNDA:0,(anonymous_16)
DA:4,2
DA:5,1
DA:11,2
DA:12,1
DA:18,2
DA:19,1
DA:25,2
DA:26,1
DA:32,2
DA:33,1
DA:39,2
DA:40,1
DA:46,2
DA:47,1
DA:53,2
DA:54,1
DA:60,2
DA:61,1
DA:67,2
DA:68,1
DA:69,0
DA:71,0
DA:72,0
DA:74,0
DA:78,0
DA:79,0
DA:80,0
DA:81,0
DA:83,0
DA:85,0
DA:89,0
DA:93,0
DA:102,2
DA:103,0
DA:104,0
DA:106,0
DA:107,0
DA:109,0
DA:113,0
DA:114,0
DA:115,0
DA:116,0
DA:117,0
DA:119,0
DA:123,0
DA:127,0
LF:46
LH:21
BRDA:67,0,0,0
BRDA:78,1,0,0
BRDA:78,1,1,0
BRDA:102,2,0,0
BRDA:113,3,0,0
BRDA:113,3,1,0
BRF:6
BRH:0
end_of_record
TN:
SF:C:\Users\rene_\Desktop\nearsoft\react-movie-search-omdb\src\redux\reducers\movies.js
FN:16,(anonymous_0)
FNF:1
FNH:1
FNDA:10,(anonymous_0)
DA:3,1
DA:16,1
DA:17,10
DA:19,1
DA:24,1
DA:29,1
DA:34,1
DA:39,1
DA:44,1
DA:49,1
DA:54,1
DA:59,1
DA:64,1
LF:13
LH:13
BRDA:16,0,0,1
BRDA:17,1,0,1
BRDA:17,1,1,1
BRDA:17,1,2,1
BRDA:17,1,3,1
BRDA:17,1,4,1
BRDA:17,1,5,1
BRDA:17,1,6,1
BRDA:17,1,7,1
BRDA:17,1,8,1
BRDA:17,1,9,1
BRF:11
BRH:11
end_of_record
